Using pre-set license
Built from '2022.3/release' branch; Version is '2022.3.20f1 (61c2feb0970d) revision 6406910'; Using compiler version '192829333'; Build Type 'Release'
OS: 'Windows 11  (10.0.22631) 64bit Core' Language: 'ko' Physical Memory: 15775 MB
BatchMode: 1, IsHumanControllingUs: 0, StartBugReporterOnCrash: 0, Is64bit: 1, IsPro: 1

COMMAND LINE ARGUMENTS:
C:\Program Files\Unity\Hub\Editor\2022.3.20f1\Editor\Unity.exe
-adb2
-batchMode
-noUpm
-name
AssetImportWorker2
-projectPath
C:/Users/user/Documents/GitHub/HS_illsukohjo/project_ilsukojo
-logFile
Logs/AssetImportWorker2.log
-srvPort
55429
Successfully changed project path to: C:/Users/user/Documents/GitHub/HS_illsukohjo/project_ilsukojo
C:/Users/user/Documents/GitHub/HS_illsukohjo/project_ilsukojo
[UnityMemory] Configuration Parameters - Can be set up in boot.config
    "memorysetup-bucket-allocator-granularity=16"
    "memorysetup-bucket-allocator-bucket-count=8"
    "memorysetup-bucket-allocator-block-size=33554432"
    "memorysetup-bucket-allocator-block-count=8"
    "memorysetup-main-allocator-block-size=16777216"
    "memorysetup-thread-allocator-block-size=16777216"
    "memorysetup-gfx-main-allocator-block-size=16777216"
    "memorysetup-gfx-thread-allocator-block-size=16777216"
    "memorysetup-cache-allocator-block-size=4194304"
    "memorysetup-typetree-allocator-block-size=2097152"
    "memorysetup-profiler-bucket-allocator-granularity=16"
    "memorysetup-profiler-bucket-allocator-bucket-count=8"
    "memorysetup-profiler-bucket-allocator-block-size=33554432"
    "memorysetup-profiler-bucket-allocator-block-count=8"
    "memorysetup-profiler-allocator-block-size=16777216"
    "memorysetup-profiler-editor-allocator-block-size=1048576"
    "memorysetup-temp-allocator-size-main=16777216"
    "memorysetup-job-temp-allocator-block-size=2097152"
    "memorysetup-job-temp-allocator-block-size-background=1048576"
    "memorysetup-job-temp-allocator-reduction-small-platforms=262144"
    "memorysetup-allocator-temp-initial-block-size-main=262144"
    "memorysetup-allocator-temp-initial-block-size-worker=262144"
    "memorysetup-temp-allocator-size-background-worker=32768"
    "memorysetup-temp-allocator-size-job-worker=262144"
    "memorysetup-temp-allocator-size-preload-manager=33554432"
    "memorysetup-temp-allocator-size-nav-mesh-worker=65536"
    "memorysetup-temp-allocator-size-audio-worker=65536"
    "memorysetup-temp-allocator-size-cloud-worker=32768"
    "memorysetup-temp-allocator-size-gi-baking-worker=262144"
    "memorysetup-temp-allocator-size-gfx=262144"
Player connection [16028] Host "[IP] 192.168.142.1 [Port] 0 [Flags] 2 [Guid] 3909236529 [EditorId] 3909236529 [Version] 1048832 [Id] WindowsEditor(7,DESKTOP-E04EFRM) [Debug] 1 [PackageName] WindowsEditor [ProjectName] Editor" joined multi-casting on [225.0.0.222:54997]...

Player connection [16028] Host "[IP] 192.168.142.1 [Port] 0 [Flags] 2 [Guid] 3909236529 [EditorId] 3909236529 [Version] 1048832 [Id] WindowsEditor(7,DESKTOP-E04EFRM) [Debug] 1 [PackageName] WindowsEditor [ProjectName] Editor" joined alternative multi-casting on [225.0.0.222:34997]...

[Physics::Module] Initialized MultithreadedJobDispatcher with 15 workers.
Refreshing native plugins compatible for Editor in 14.05 ms, found 4 plugins.
Preloading 0 native plugins for Editor in 0.00 ms.
Initialize engine version: 2022.3.20f1 (61c2feb0970d)
[Subsystems] Discovering subsystems at path C:/Program Files/Unity/Hub/Editor/2022.3.20f1/Editor/Data/Resources/UnitySubsystems
[Subsystems] Discovering subsystems at path C:/Users/user/Documents/GitHub/HS_illsukohjo/project_ilsukojo/Assets
GfxDevice: creating device client; threaded=0; jobified=0
Direct3D:
    Version:  Direct3D 11.0 [level 11.1]
    Renderer: AMD Radeon(TM) Graphics (ID=0x1638)
    Vendor:   ATI
    VRAM:     7887 MB
    Driver:   31.0.12044.37003
Initialize mono
Mono path[0] = 'C:/Program Files/Unity/Hub/Editor/2022.3.20f1/Editor/Data/Managed'
Mono path[1] = 'C:/Program Files/Unity/Hub/Editor/2022.3.20f1/Editor/Data/MonoBleedingEdge/lib/mono/unityjit-win32'
Mono config path = 'C:/Program Files/Unity/Hub/Editor/2022.3.20f1/Editor/Data/MonoBleedingEdge/etc'
Using monoOptions --debugger-agent=transport=dt_socket,embedding=1,server=y,suspend=n,address=127.0.0.1:56168
Begin MonoManager ReloadAssembly
Registering precompiled unity dll's ...
Register platform support module: C:/Program Files/Unity/Hub/Editor/2022.3.20f1/Editor/Data/PlaybackEngines/AndroidPlayer/UnityEditor.Android.Extensions.dll
Register platform support module: C:/Program Files/Unity/Hub/Editor/2022.3.20f1/Editor/Data/PlaybackEngines/WindowsStandaloneSupport/UnityEditor.WindowsStandalone.Extensions.dll
Registered in 0.009304 seconds.
- Loaded All Assemblies, in  0.522 seconds
Native extension for WindowsStandalone target not found
Native extension for Android target not found
Android Extension - Scanning For ADB Devices 336 ms
Mono: successfully reloaded assembly
- Finished resetting the current domain, in  0.782 seconds
Domain Reload Profiling: 1302ms
	BeginReloadAssembly (165ms)
		ExecutionOrderSort (0ms)
		DisableScriptedObjects (0ms)
		BackupInstance (0ms)
		ReleaseScriptingObjects (0ms)
		CreateAndSetChildDomain (1ms)
	RebuildCommonClasses (49ms)
	RebuildNativeTypeToScriptingClass (13ms)
	initialDomainReloadingComplete (82ms)
	LoadAllAssembliesAndSetupDomain (210ms)
		LoadAssemblies (165ms)
		RebuildTransferFunctionScriptingTraits (0ms)
		AnalyzeDomain (206ms)
			TypeCache.Refresh (205ms)
				TypeCache.ScanAssembly (186ms)
			ScanForSourceGeneratedMonoScriptInfo (0ms)
			ResolveRequiredComponents (1ms)
	FinalizeReload (782ms)
		ReleaseScriptCaches (0ms)
		RebuildScriptCaches (0ms)
		SetupLoadedEditorAssemblies (706ms)
			LogAssemblyErrors (0ms)
			InitializePlatformSupportModulesInManaged (473ms)
			SetLoadedEditorAssemblies (5ms)
			RefreshPlugins (0ms)
			BeforeProcessingInitializeOnLoad (3ms)
			ProcessInitializeOnLoadAttributes (159ms)
			ProcessInitializeOnLoadMethodAttributes (65ms)
			AfterProcessingInitializeOnLoad (0ms)
			EditorAssembliesLoaded (0ms)
		ExecutionOrderSort2 (0ms)
		AwakeInstancesAfterBackupRestoration (0ms)
========================================================================
Worker process is ready to serve import requests
Begin MonoManager ReloadAssembly
- Loaded All Assemblies, in  1.081 seconds
Refreshing native plugins compatible for Editor in 6.91 ms, found 4 plugins.
Native extension for WindowsStandalone target not found
Native extension for Android target not found
Package Manager log level set to [2]
[Package Manager] Server::EnsureServerProcessIsRunning -- launch failed, reason: Unity was launched with the -noUpm command-line argument
[Package Manager] UpmClient::Send -- Unable to send message (not connected to UPM process).
[Package Manager] Cannot connect to Unity Package Manager local server
Mono: successfully reloaded assembly
- Finished resetting the current domain, in  1.006 seconds
Domain Reload Profiling: 2084ms
	BeginReloadAssembly (187ms)
		ExecutionOrderSort (0ms)
		DisableScriptedObjects (7ms)
		BackupInstance (0ms)
		ReleaseScriptingObjects (0ms)
		CreateAndSetChildDomain (27ms)
	RebuildCommonClasses (41ms)
	RebuildNativeTypeToScriptingClass (12ms)
	initialDomainReloadingComplete (62ms)
	LoadAllAssembliesAndSetupDomain (775ms)
		LoadAssemblies (492ms)
		RebuildTransferFunctionScriptingTraits (0ms)
		AnalyzeDomain (391ms)
			TypeCache.Refresh (325ms)
				TypeCache.ScanAssembly (297ms)
			ScanForSourceGeneratedMonoScriptInfo (48ms)
			ResolveRequiredComponents (15ms)
	FinalizeReload (1007ms)
		ReleaseScriptCaches (0ms)
		RebuildScriptCaches (0ms)
		SetupLoadedEditorAssemblies (797ms)
			LogAssemblyErrors (0ms)
			InitializePlatformSupportModulesInManaged (30ms)
			SetLoadedEditorAssemblies (5ms)
			RefreshPlugins (0ms)
			BeforeProcessingInitializeOnLoad (115ms)
			ProcessInitializeOnLoadAttributes (506ms)
			ProcessInitializeOnLoadMethodAttributes (135ms)
			AfterProcessingInitializeOnLoad (7ms)
			EditorAssembliesLoaded (0ms)
		ExecutionOrderSort2 (0ms)
		AwakeInstancesAfterBackupRestoration (7ms)
Failed to load shader (instanceID 568, GUID c8b6a681c7b4e2e4785ffab093907f9e)
Failed to load shader (instanceID 484, GUID 0f4122b9a743b744abe2fb6a0a88868b)
Failed to load shader (instanceID 574, GUID 0a7e590f3cf1d4ee8a8fab5b6eff09ef)
Failed to load shader (instanceID 636, GUID 21322c8b137c66e49b86085d3c8161f6)
Failed to load shader (instanceID 410, GUID d6dae50ee9e1bfa4db75f19f99355220)
Failed to load shader (instanceID 418, GUID ec9fec698a3456d4fb18cf8bacb7a2bc)
Failed to load shader (instanceID 424, GUID 573620ae32aec764abd4d728906d2587)
Failed to load shader (instanceID 580, GUID 74b1585886a85614aa34e2c8e303c77a)
Failed to load shader (instanceID 462, GUID e8ee25143a34b8c4388709ea947055d1)
Failed to load shader (instanceID 414, GUID 04c410c9937594faa893a11dceb85f7e)
Failed to load shader (instanceID 538, GUID a16365e8c873daa4c94919438490b905)
Failed to load shader (instanceID 468, GUID 4431b1f1f743fbf4eb310a967890cbea)
Failed to load shader (instanceID 588, GUID 0d0f817524897904ba47a6a1d55e7668)
Failed to load shader (instanceID 620, GUID 77cfa04f893eb8745b6a454a3d51b43c)
Failed to load shader (instanceID 428, GUID e6e9a19c3678ded42a3bc431ebef7dbd)
Failed to load shader (instanceID 436, GUID d104b2fc1ca6445babb8e90b0758136b)
Failed to load shader (instanceID 420, GUID e7857e9d0c934dc4f83f270f8447b006)
Failed to load shader (instanceID 644, GUID ee7e4c9a5f6364b688a332c67fc32cca)
Failed to load shader (instanceID 584, GUID de02b375720b5c445afe83cd483bedf3)
Failed to load shader (instanceID 516, GUID e8b802ac01d87144b91f12f40c1f2659)
Failed to load shader (instanceID 598, GUID 36e335017ad71d54fbb10842863188ae)
Failed to load shader (instanceID 526, GUID 50b406436c6214c49aaaa6011b71dde8)
Failed to load shader (instanceID 624, GUID ce09d4a80b88c5a4eb9768fab4f1ee00)
Failed to load shader (instanceID 522, GUID 13c02b14c4d048fa9653293d54f6e0e1)
Failed to load shader (instanceID 590, GUID 4386e57b23a56004c93e1d57d2bbcb4f)
Failed to load shader (instanceID 650, GUID c7d04ca57e5449d49ad9cee1c604bc26)
Failed to load shader (instanceID 592, GUID 0ca6dca7396eb48e5849247ffd444914)
Failed to load shader (instanceID 422, GUID cf852408f2e174538bcd9b7fda1c5ae7)
Failed to load shader (instanceID 546, GUID f056d8bd2a1c7e44e9729144b4c70395)
Failed to load shader (instanceID 490, GUID 0406db5a14f94604a8c57ccfbc9f3b46)
Failed to load shader (instanceID 560, GUID 0849e84e3d62649e8882e9d6f056a017)
Failed to load shader (instanceID 628, GUID 5ec81c81908db34429b4f6ddecadd3bd)
Failed to load shader (instanceID 408, GUID c17132b1f77d20942aa75f8429c0f8bc)
Failed to load shader (instanceID 440, GUID c56b7e0d4c7cb484e959caeeedae9bbf)
Failed to load shader (instanceID 442, GUID 7b3ede40266cd49a395def176e1bc486)
Failed to load shader (instanceID 456, GUID a15b78cf8ca26ca4fb2090293153c62c)
Failed to load shader (instanceID 488, GUID 933532a4fcc9baf4fa0491de14d08ed7)
Failed to load shader (instanceID 480, GUID e507fdfead5ca47e8b9a768b51c291a1)
Failed to load shader (instanceID 458, GUID 5f1864addb451f54bae8c86d230f736e)
Failed to load shader (instanceID 548, GUID 8516d7a69675844a7a0b7095af7c46af)
Failed to load shader (instanceID 450, GUID 5e7134d6e63e0bc47a1dd2669cedb379)
Failed to load shader (instanceID 470, GUID d5a307c014552314b9f560906d708772)
Failed to load shader (instanceID 550, GUID 8fbe92a9edfe6074e841d6dd1509bc59)
Failed to load shader (instanceID 416, GUID 65df88701913c224d95fc554db28381a)
Failed to load shader (instanceID 656, GUID 650dd9526735d5b46b79224bc6e94025)
Failed to load shader (instanceID 452, GUID 2aed67ad60045d54ba3a00c91e2d2631)
Failed to load shader (instanceID 446, GUID 1121bb4e615ca3c48b214e79e841e823)
Failed to load shader (instanceID 528, GUID 5caf62d8bd7c44596ace77ef9eb8ea31)
Failed to load shader (instanceID 426, GUID e9155b26e1bc55942a41e518703fe304)
Failed to load shader (instanceID 478, GUID f6783ab646d374f94b199774402a5144)
Failed to load shader (instanceID 658, GUID 19dfbb09098c9584a83c956fbd6c5d79)
Failed to load shader (instanceID 500, GUID 8d2bb70cbf9db8d4da26e15b26e74248)
Failed to load shader (instanceID 492, GUID 69c1f799e772cb6438f56c23efccb782)
Failed to load shader (instanceID 434, GUID 93446b5c5339d4f00b85c159e1159b7c)
Failed to load shader (instanceID 432, GUID 5fd9a8feb75a4b5894c241777f519d4e)
Failed to load shader (instanceID 530, GUID da07703fcc09f8d4799221050659bd55)
Failed to load shader (instanceID 662, GUID 2df96b66b5510f94b98df2ac6f926ef4)
Failed to load shader (instanceID 536, GUID 61e53729ad706d049b12a441f328fe34)
Failed to load shader (instanceID 606, GUID e35a31e1679aeff489e202f5cc4853d5)
Failed to load shader (instanceID 482, GUID 29868e73b638e48ca99a19ea58c48d90)
Failed to load shader (instanceID 444, GUID 6cda457ac28612740adb23da5d39ea92)
Failed to load shader (instanceID 502, GUID e39bd598ce13f44ba8af997d3e42cd18)
Failed to load shader (instanceID 460, GUID 131f1b93a4ebd459ba87b6bad055fb33)
Failed to load shader (instanceID 508, GUID b7839dad95683814aa64166edc107ae2)
Failed to load shader (instanceID 630, GUID d79e1c784eaf80c4585c0be7391f757a)
Failed to load shader (instanceID 562, GUID 44fc62292b65ab04eabcf310e799ccf6)
Failed to load shader (instanceID 464, GUID 562b7ae4f629f144aa97780546fce7c6)
Failed to load shader (instanceID 520, GUID e260cfa7296ee7642b167f1eb5be5023)
Failed to load shader (instanceID 454, GUID 1edcd131364091c46a17cbff0b1de97a)
Failed to load shader (instanceID 540, GUID 95e15a77195eb574ab82aaac18b1c796)
Failed to load shader (instanceID 664, GUID 77774d9009bb81447b048c907d4c6273)
Failed to load shader (instanceID 564, GUID 99134b1f0c27d54469a840832a28fadf)
Failed to load shader (instanceID 430, GUID 7f888aff2ac86494babad1c2c5daeee2)
Failed to load shader (instanceID 448, GUID 63eaba0ebfb82cc43bde059b4a8c65f6)
Failed to load shader (instanceID 504, GUID 60e10855641b4d84da68ec72e6f6eeb8)
Failed to load shader (instanceID 412, GUID 0f854b35a0cf61a429bd5dcfea30eddd)
Failed to load shader (instanceID 466, GUID c49e63ed1bbcb334780a3bd19dfed403)
Failed to load shader (instanceID 438, GUID a89bee29cffa951418fc1e2da94d1959)
Failed to load shader (instanceID 594, GUID 7e60080c8cd24a2468cb08b4bfee5606)
Launched and connected shader compiler UnityShaderCompiler.exe after 0.06 seconds
Refreshing native plugins compatible for Editor in 6.06 ms, found 4 plugins.
Preloading 0 native plugins for Editor in 0.00 ms.
Unloading 4638 Unused Serialized files (Serialized files now loaded: 0)
Unloading 70 unused Assets / (127.1 KB). Loaded Objects now: 5107.
Memory consumption went from 182.6 MB to 182.5 MB.
Total: 5.234000 ms (FindLiveObjects: 0.407600 ms CreateObjectMapping: 0.197900 ms MarkObjects: 4.368200 ms  DeleteObjects: 0.259000 ms)

AssetImportParameters requested are different than current active one (requested -> active):
  custom:container-demuxer-ogg: 62fdf1f143b41e24485cea50d1cbac27 -> 
  custom:video-codec-MediaFoundation-h265: 746d11721c4dcdbdad8f713fa42b33f4 -> 
  custom:video-decoder-ogg-theora: a1e56fd34408186e4bbccfd4996cb3dc -> 
  custom:framework-win-MediaFoundation: 216162199b28c13a410421893ffa2e32 -> 
  custom:CustomObjectIndexerAttribute: 62b5816608c3102f162a1797e29626cf -> 
  custom:container-demuxer-webm: 4f35f7cbe854078d1ac9338744f61a02 -> 
  custom:container-muxer-webm: aa71ff27fc2769a1b78a27578f13a17b -> 
  custom:video-decoder-webm-vp8: 9c59270c3fd7afecdb556c50c9e8de78 -> 
  custom:SearchIndexIgnoredProperties: e643bd26f0fe6173181afceb89e7c659 -> 
  custom:AudioImporter_EditorPlatform: d09bf68614088b80899f8185d706f6e7 -> 
  custom:video-encoder-webm-vp8: eb34c28f22e8b96e1ab97ce403110664 -> 
  custom:audio-decoder-ogg-vorbis: bf7c407c2cedff20999df2af8eb42d56 -> 
  custom:audio-encoder-webm-vorbis: bf7c407c2cedff20999df2af8eb42d56 -> 
========================================================================
Received Import Request.
  Time since last request: 250565.482502 seconds.
  path: Assets/FirstRoomETC/신미양요.jpg
  artifactKey: Guid(5d1296637763f64449e319acac150bf4) Importer(815301076,1909f56bfc062723c751e8b465ee728b)
Start importing Assets/FirstRoomETC/신미양요.jpg using Guid(5d1296637763f64449e319acac150bf4) Importer(815301076,1909f56bfc062723c751e8b465ee728b)  -> (artifact id: '44b905c9b6c131af8981924954f186e3') in 0.106199 seconds
Number of updated asset objects reloaded before import = 0
Number of asset objects unloaded after import = 3
========================================================================
Received Import Request.
  Time since last request: 16.500685 seconds.
  path: Assets/Font/KCC-Hanbit.otf
  artifactKey: Guid(f29e477d262bb6d43b61b6c20b473e05) Importer(815301076,1909f56bfc062723c751e8b465ee728b)
Start importing Assets/Font/KCC-Hanbit.otf using Guid(f29e477d262bb6d43b61b6c20b473e05) Importer(815301076,1909f56bfc062723c751e8b465ee728b)  -> (artifact id: 'cd394d0ef227a97718f5fb9a7f941aca') in 0.105482 seconds
Number of updated asset objects reloaded before import = 0
Number of asset objects unloaded after import = 4
========================================================================
Received Import Request.
  Time since last request: 0.681319 seconds.
  path: Assets/ProBuilder Data/Default Color Palette.asset
  artifactKey: Guid(3c35e7c224591c746a83bb65f8c9b416) Importer(815301076,1909f56bfc062723c751e8b465ee728b)
Start importing Assets/ProBuilder Data/Default Color Palette.asset using Guid(3c35e7c224591c746a83bb65f8c9b416) Importer(815301076,1909f56bfc062723c751e8b465ee728b)  -> (artifact id: '6d1c0c542e913103ae120ecd93056e01') in 0.002755 seconds
Number of updated asset objects reloaded before import = 0
Number of asset objects unloaded after import = 1
========================================================================
Received Import Request.
  Time since last request: 0.938315 seconds.
  path: Assets/Settings/High_PipelineAsset.asset
  artifactKey: Guid(bfcbfa70317c2e341af6dc8e95227746) Importer(815301076,1909f56bfc062723c751e8b465ee728b)
Start importing Assets/Settings/High_PipelineAsset.asset using Guid(bfcbfa70317c2e341af6dc8e95227746) Importer(815301076,1909f56bfc062723c751e8b465ee728b)  -> (artifact id: '12f8514621b6a6b2cc5951e2b7a52ab9') in 0.002550 seconds
Number of updated asset objects reloaded before import = 0
Number of asset objects unloaded after import = 1
========================================================================
Received Import Request.
  Time since last request: 0.011931 seconds.
  path: Assets/Settings/Medium_PipelineAsset_ForwardRenderer.asset
  artifactKey: Guid(0b7327d037c658d4d96de75a235d0cd6) Importer(815301076,1909f56bfc062723c751e8b465ee728b)
Start importing Assets/Settings/Medium_PipelineAsset_ForwardRenderer.asset using Guid(0b7327d037c658d4d96de75a235d0cd6) Importer(815301076,1909f56bfc062723c751e8b465ee728b)  -> (artifact id: '69505f1cffe4b308b5fc4d2435f691ea') in 0.010712 seconds
Number of updated asset objects reloaded before import = 0
Number of asset objects unloaded after import = 1
========================================================================
Received Import Request.
  Time since last request: 0.000036 seconds.
  path: Assets/Settings/Very High_PipelineAsset_ForwardRenderer.asset
  artifactKey: Guid(3987ad41edb1b6a4eaee61cd3bfb1e2f) Importer(815301076,1909f56bfc062723c751e8b465ee728b)
Start importing Assets/Settings/Very High_PipelineAsset_ForwardRenderer.asset using Guid(3987ad41edb1b6a4eaee61cd3bfb1e2f) Importer(815301076,1909f56bfc062723c751e8b465ee728b)  -> (artifact id: 'a01fb454d555ab18a483e3de11f88075') in 0.010596 seconds
Number of updated asset objects reloaded before import = 0
Number of asset objects unloaded after import = 1
========================================================================
Received Import Request.
  Time since last request: 0.775035 seconds.
  path: Assets/StartSource/시작이미지.png
  artifactKey: Guid(e39baba52c996d24e932bd1957c0a289) Importer(815301076,1909f56bfc062723c751e8b465ee728b)
Start importing Assets/StartSource/시작이미지.png using Guid(e39baba52c996d24e932bd1957c0a289) Importer(815301076,1909f56bfc062723c751e8b465ee728b)  -> (artifact id: 'b0d3184f6a37f491f599c100ba8a6613') in 0.042895 seconds
Number of updated asset objects reloaded before import = 0
Number of asset objects unloaded after import = 3
========================================================================
Received Import Request.
  Time since last request: 244.047343 seconds.
  path: Assets/FirstRoomETC/BloodEffect
  artifactKey: Guid(1d3ca5248273d0c43813a20f5c6e5017) Importer(815301076,1909f56bfc062723c751e8b465ee728b)
Start importing Assets/FirstRoomETC/BloodEffect using Guid(1d3ca5248273d0c43813a20f5c6e5017) Importer(815301076,1909f56bfc062723c751e8b465ee728b)  -> (artifact id: '4e2fb0c7b5959f87f6a722151e5c576f') in 0.001317 seconds
Number of updated asset objects reloaded before import = 0
Number of asset objects unloaded after import = 0
========================================================================
Received Import Request.
  Time since last request: 0.608556 seconds.
  path: Assets/FirstRoomETC/FirstRoomDoorAsset
  artifactKey: Guid(f4369492a04a1064683aded6424a38de) Importer(815301076,1909f56bfc062723c751e8b465ee728b)
Start importing Assets/FirstRoomETC/FirstRoomDoorAsset using Guid(f4369492a04a1064683aded6424a38de) Importer(815301076,1909f56bfc062723c751e8b465ee728b)  -> (artifact id: 'c016c922cc6e3ead0315c2683de313fd') in 0.000550 seconds
Number of updated asset objects reloaded before import = 0
Number of asset objects unloaded after import = 0
========================================================================
Received Import Request.
  Time since last request: 2.091248 seconds.
  path: Assets/FirstRoomETC/BloodEffect/BloodGushFX
  artifactKey: Guid(c7f29bc7dd0ae8042a82757c9358baeb) Importer(815301076,1909f56bfc062723c751e8b465ee728b)
Start importing Assets/FirstRoomETC/BloodEffect/BloodGushFX using Guid(c7f29bc7dd0ae8042a82757c9358baeb) Importer(815301076,1909f56bfc062723c751e8b465ee728b)  -> (artifact id: 'a111db05d061058a4919faae186a36be') in 0.000646 seconds
Number of updated asset objects reloaded before import = 0
Number of asset objects unloaded after import = 0
========================================================================
Received Import Request.
  Time since last request: 0.083067 seconds.
  path: Assets/FirstRoomETC/BloodEffect/BloodGushFX/BloodSprayFX.prefab
  artifactKey: Guid(d32aa916f50cac94db11e6f19821a58f) Importer(815301076,1909f56bfc062723c751e8b465ee728b)
Start importing Assets/FirstRoomETC/BloodEffect/BloodGushFX/BloodSprayFX.prefab using Guid(d32aa916f50cac94db11e6f19821a58f) Importer(815301076,1909f56bfc062723c751e8b465ee728b)  -> (artifact id: 'b706f4121ae01e2774a19f05f3746878') in 0.090712 seconds
Number of updated asset objects reloaded before import = 0
Number of asset objects unloaded after import = 22
========================================================================
Received Import Request.
  Time since last request: 3.537431 seconds.
  path: Assets/FirstRoomETC/FirstRoomDoorAsset/Materials
  artifactKey: Guid(701e5daf96dddf441800bd51a1dfeea1) Importer(815301076,1909f56bfc062723c751e8b465ee728b)
Start importing Assets/FirstRoomETC/FirstRoomDoorAsset/Materials using Guid(701e5daf96dddf441800bd51a1dfeea1) Importer(815301076,1909f56bfc062723c751e8b465ee728b)  -> (artifact id: '72b01209c406031708c76bab731fad49') in 0.000851 seconds
Number of updated asset objects reloaded before import = 0
Number of asset objects unloaded after import = 0
========================================================================
Received Import Request.
  Time since last request: 0.084261 seconds.
  path: Assets/FirstRoomETC/FirstRoomDoorAsset/Materials/AN_HeroMaterial.physicMaterial
  artifactKey: Guid(83a87d1fe1117f3419f7246ec123d14b) Importer(815301076,1909f56bfc062723c751e8b465ee728b)
Start importing Assets/FirstRoomETC/FirstRoomDoorAsset/Materials/AN_HeroMaterial.physicMaterial using Guid(83a87d1fe1117f3419f7246ec123d14b) Importer(815301076,1909f56bfc062723c751e8b465ee728b)  -> (artifact id: '3a297cbc7381ee80dfea5d37c9618c52') in 0.001434 seconds
Number of updated asset objects reloaded before import = 0
Number of asset objects unloaded after import = 1
========================================================================
Received Import Request.
  Time since last request: 0.010618 seconds.
  path: Assets/FirstRoomETC/FirstRoomDoorAsset/Materials/Chess Material.mat
  artifactKey: Guid(29af290d0a921aa468fd3fbb03e23b6d) Importer(815301076,1909f56bfc062723c751e8b465ee728b)
Start importing Assets/FirstRoomETC/FirstRoomDoorAsset/Materials/Chess Material.mat using Guid(29af290d0a921aa468fd3fbb03e23b6d) Importer(815301076,1909f56bfc062723c751e8b465ee728b)  -> (artifact id: '90d53a61fcd8302010fb2280f6398fe1') in 0.040196 seconds
Number of updated asset objects reloaded before import = 0
Number of asset objects unloaded after import = 1
========================================================================
Received Import Request.
  Time since last request: 33.149935 seconds.
  path: Assets/FirstRoomETC/FirstRoomDoorAsset/Prefabs/Door_Prefab_Opened.prefab
  artifactKey: Guid(4ecf6aa2a2182cf4c843c0d565e94cd0) Importer(815301076,1909f56bfc062723c751e8b465ee728b)
Start importing Assets/FirstRoomETC/FirstRoomDoorAsset/Prefabs/Door_Prefab_Opened.prefab using Guid(4ecf6aa2a2182cf4c843c0d565e94cd0) Importer(815301076,1909f56bfc062723c751e8b465ee728b)  -> (artifact id: 'a7b92afd9b033e5c99bb3fd70f0839ac') in 0.030696 seconds
Number of updated asset objects reloaded before import = 0
Number of asset objects unloaded after import = 33
========================================================================
Received Import Request.
  Time since last request: 0.781477 seconds.
  path: Assets/FirstRoomETC/FirstRoomDoorAsset/FBX/OpenDoor.FBX
  artifactKey: Guid(01102a114103e314d9426fb5357b454a) Importer(815301076,1909f56bfc062723c751e8b465ee728b)
Start importing Assets/FirstRoomETC/FirstRoomDoorAsset/FBX/OpenDoor.FBX using Guid(01102a114103e314d9426fb5357b454a) Importer(815301076,1909f56bfc062723c751e8b465ee728b)  -> (artifact id: '3b7aa55ef56028e8888293ea6335a36f') in 0.087470 seconds
Number of updated asset objects reloaded before import = 0
Number of asset objects unloaded after import = 19
