Using pre-set license
Built from '2022.3/release' branch; Version is '2022.3.20f1 (61c2feb0970d) revision 6406910'; Using compiler version '192829333'; Build Type 'Release'
OS: 'Windows 10  (10.0.19045) 64bit Education' Language: 'ko' Physical Memory: 15775 MB
BatchMode: 1, IsHumanControllingUs: 0, StartBugReporterOnCrash: 0, Is64bit: 1, IsPro: 1

COMMAND LINE ARGUMENTS:
C:\Program Files\Unity\Hub\Editor\2022.3.20f1\Editor\Unity.exe
-adb2
-batchMode
-noUpm
-name
AssetImportWorker11
-projectPath
C:/Users/JiHwan/Documents/GitHub/HS_illsukohjo/project_ilsukojo
-logFile
Logs/AssetImportWorker11.log
-srvPort
52453
Successfully changed project path to: C:/Users/JiHwan/Documents/GitHub/HS_illsukohjo/project_ilsukojo
C:/Users/JiHwan/Documents/GitHub/HS_illsukohjo/project_ilsukojo
[UnityMemory] Configuration Parameters - Can be set up in boot.config
    "memorysetup-bucket-allocator-granularity=16"
    "memorysetup-bucket-allocator-bucket-count=8"
    "memorysetup-bucket-allocator-block-size=33554432"
    "memorysetup-bucket-allocator-block-count=8"
    "memorysetup-main-allocator-block-size=16777216"
    "memorysetup-thread-allocator-block-size=16777216"
    "memorysetup-gfx-main-allocator-block-size=16777216"
    "memorysetup-gfx-thread-allocator-block-size=16777216"
    "memorysetup-cache-allocator-block-size=4194304"
    "memorysetup-typetree-allocator-block-size=2097152"
    "memorysetup-profiler-bucket-allocator-granularity=16"
    "memorysetup-profiler-bucket-allocator-bucket-count=8"
    "memorysetup-profiler-bucket-allocator-block-size=33554432"
    "memorysetup-profiler-bucket-allocator-block-count=8"
    "memorysetup-profiler-allocator-block-size=16777216"
    "memorysetup-profiler-editor-allocator-block-size=1048576"
    "memorysetup-temp-allocator-size-main=16777216"
    "memorysetup-job-temp-allocator-block-size=2097152"
    "memorysetup-job-temp-allocator-block-size-background=1048576"
    "memorysetup-job-temp-allocator-reduction-small-platforms=262144"
    "memorysetup-allocator-temp-initial-block-size-main=262144"
    "memorysetup-allocator-temp-initial-block-size-worker=262144"
    "memorysetup-temp-allocator-size-background-worker=32768"
    "memorysetup-temp-allocator-size-job-worker=262144"
    "memorysetup-temp-allocator-size-preload-manager=33554432"
    "memorysetup-temp-allocator-size-nav-mesh-worker=65536"
    "memorysetup-temp-allocator-size-audio-worker=65536"
    "memorysetup-temp-allocator-size-cloud-worker=32768"
    "memorysetup-temp-allocator-size-gi-baking-worker=262144"
    "memorysetup-temp-allocator-size-gfx=262144"
Player connection [38748] Host "[IP] 192.168.65.1 [Port] 0 [Flags] 2 [Guid] 465641556 [EditorId] 465641556 [Version] 1048832 [Id] WindowsEditor(7,DESKTOP-9OODE96) [Debug] 1 [PackageName] WindowsEditor [ProjectName] Editor" joined multi-casting on [225.0.0.222:54997]...

Player connection [38748] Host "[IP] 192.168.65.1 [Port] 0 [Flags] 2 [Guid] 465641556 [EditorId] 465641556 [Version] 1048832 [Id] WindowsEditor(7,DESKTOP-9OODE96) [Debug] 1 [PackageName] WindowsEditor [ProjectName] Editor" joined alternative multi-casting on [225.0.0.222:34997]...

[Physics::Module] Initialized MultithreadedJobDispatcher with 15 workers.
Refreshing native plugins compatible for Editor in 182.85 ms, found 4 plugins.
Preloading 0 native plugins for Editor in 0.00 ms.
Initialize engine version: 2022.3.20f1 (61c2feb0970d)
[Subsystems] Discovering subsystems at path C:/Program Files/Unity/Hub/Editor/2022.3.20f1/Editor/Data/Resources/UnitySubsystems
[Subsystems] Discovering subsystems at path C:/Users/JiHwan/Documents/GitHub/HS_illsukohjo/project_ilsukojo/Assets
GfxDevice: creating device client; threaded=0; jobified=0
Direct3D:
    Version:  Direct3D 11.0 [level 11.1]
    Renderer: NVIDIA GeForce RTX 3050 Laptop GPU (ID=0x25a2)
    Vendor:   NVIDIA
    VRAM:     3964 MB
    Driver:   31.0.15.5222
Initialize mono
Mono path[0] = 'C:/Program Files/Unity/Hub/Editor/2022.3.20f1/Editor/Data/Managed'
Mono path[1] = 'C:/Program Files/Unity/Hub/Editor/2022.3.20f1/Editor/Data/MonoBleedingEdge/lib/mono/unityjit-win32'
Mono config path = 'C:/Program Files/Unity/Hub/Editor/2022.3.20f1/Editor/Data/MonoBleedingEdge/etc'
Using monoOptions --debugger-agent=transport=dt_socket,embedding=1,server=y,suspend=n,address=127.0.0.1:56652
Begin MonoManager ReloadAssembly
Registering precompiled unity dll's ...
Register platform support module: C:/Program Files/Unity/Hub/Editor/2022.3.20f1/Editor/Data/PlaybackEngines/WindowsStandaloneSupport/UnityEditor.WindowsStandalone.Extensions.dll
Registered in 0.018175 seconds.
- Loaded All Assemblies, in  0.431 seconds
Native extension for WindowsStandalone target not found
Mono: successfully reloaded assembly
- Finished resetting the current domain, in  0.303 seconds
Domain Reload Profiling: 729ms
	BeginReloadAssembly (148ms)
		ExecutionOrderSort (0ms)
		DisableScriptedObjects (0ms)
		BackupInstance (0ms)
		ReleaseScriptingObjects (0ms)
		CreateAndSetChildDomain (1ms)
	RebuildCommonClasses (36ms)
	RebuildNativeTypeToScriptingClass (10ms)
	initialDomainReloadingComplete (82ms)
	LoadAllAssembliesAndSetupDomain (150ms)
		LoadAssemblies (143ms)
		RebuildTransferFunctionScriptingTraits (0ms)
		AnalyzeDomain (148ms)
			TypeCache.Refresh (146ms)
				TypeCache.ScanAssembly (132ms)
			ScanForSourceGeneratedMonoScriptInfo (0ms)
			ResolveRequiredComponents (1ms)
	FinalizeReload (303ms)
		ReleaseScriptCaches (0ms)
		RebuildScriptCaches (0ms)
		SetupLoadedEditorAssemblies (246ms)
			LogAssemblyErrors (0ms)
			InitializePlatformSupportModulesInManaged (14ms)
			SetLoadedEditorAssemblies (7ms)
			RefreshPlugins (0ms)
			BeforeProcessingInitializeOnLoad (2ms)
			ProcessInitializeOnLoadAttributes (168ms)
			ProcessInitializeOnLoadMethodAttributes (55ms)
			AfterProcessingInitializeOnLoad (0ms)
			EditorAssembliesLoaded (0ms)
		ExecutionOrderSort2 (0ms)
		AwakeInstancesAfterBackupRestoration (0ms)
========================================================================
Worker process is ready to serve import requests
Begin MonoManager ReloadAssembly
- Loaded All Assemblies, in  0.971 seconds
Refreshing native plugins compatible for Editor in 10.55 ms, found 4 plugins.
Native extension for WindowsStandalone target not found
Package Manager log level set to [2]
[Package Manager] Server::EnsureServerProcessIsRunning -- launch failed, reason: Unity was launched with the -noUpm command-line argument
[Package Manager] UpmClient::Send -- Unable to send message (not connected to UPM process).
[Package Manager] Cannot connect to Unity Package Manager local server
Mono: successfully reloaded assembly
- Finished resetting the current domain, in  0.728 seconds
Domain Reload Profiling: 1685ms
	BeginReloadAssembly (158ms)
		ExecutionOrderSort (0ms)
		DisableScriptedObjects (5ms)
		BackupInstance (0ms)
		ReleaseScriptingObjects (0ms)
		CreateAndSetChildDomain (20ms)
	RebuildCommonClasses (30ms)
	RebuildNativeTypeToScriptingClass (8ms)
	initialDomainReloadingComplete (50ms)
	LoadAllAssembliesAndSetupDomain (709ms)
		LoadAssemblies (568ms)
		RebuildTransferFunctionScriptingTraits (0ms)
		AnalyzeDomain (239ms)
			TypeCache.Refresh (200ms)
				TypeCache.ScanAssembly (183ms)
			ScanForSourceGeneratedMonoScriptInfo (28ms)
			ResolveRequiredComponents (10ms)
	FinalizeReload (729ms)
		ReleaseScriptCaches (0ms)
		RebuildScriptCaches (0ms)
		SetupLoadedEditorAssemblies (571ms)
			LogAssemblyErrors (0ms)
			InitializePlatformSupportModulesInManaged (8ms)
			SetLoadedEditorAssemblies (4ms)
			RefreshPlugins (0ms)
			BeforeProcessingInitializeOnLoad (109ms)
			ProcessInitializeOnLoadAttributes (356ms)
			ProcessInitializeOnLoadMethodAttributes (78ms)
			AfterProcessingInitializeOnLoad (15ms)
			EditorAssembliesLoaded (0ms)
		ExecutionOrderSort2 (0ms)
		AwakeInstancesAfterBackupRestoration (7ms)
Launched and connected shader compiler UnityShaderCompiler.exe after 0.09 seconds
Refreshing native plugins compatible for Editor in 13.97 ms, found 4 plugins.
Preloading 0 native plugins for Editor in 0.00 ms.
Unloading 6317 Unused Serialized files (Serialized files now loaded: 0)
Unloading 149 unused Assets / (4.7 MB). Loaded Objects now: 6727.
Memory consumption went from 244.9 MB to 240.2 MB.
Total: 6.271600 ms (FindLiveObjects: 0.449200 ms CreateObjectMapping: 0.399100 ms MarkObjects: 3.483400 ms  DeleteObjects: 1.938300 ms)

AssetImportParameters requested are different than current active one (requested -> active):
  custom:container-demuxer-ogg: 62fdf1f143b41e24485cea50d1cbac27 -> 
  custom:video-decoder-ogg-theora: a1e56fd34408186e4bbccfd4996cb3dc -> 
  custom:framework-win-MediaFoundation: 216162199b28c13a410421893ffa2e32 -> 
  custom:CustomObjectIndexerAttribute: 62b5816608c3102f162a1797e29626cf -> 
  custom:container-demuxer-webm: 4f35f7cbe854078d1ac9338744f61a02 -> 
  custom:container-muxer-webm: aa71ff27fc2769a1b78a27578f13a17b -> 
  custom:video-decoder-webm-vp8: 9c59270c3fd7afecdb556c50c9e8de78 -> 
  custom:SearchIndexIgnoredProperties: e643bd26f0fe6173181afceb89e7c659 -> 
  custom:AudioImporter_EditorPlatform: d09bf68614088b80899f8185d706f6e7 -> 
  custom:video-encoder-webm-vp8: eb34c28f22e8b96e1ab97ce403110664 -> 
  custom:audio-decoder-ogg-vorbis: bf7c407c2cedff20999df2af8eb42d56 -> 
  custom:audio-encoder-webm-vorbis: bf7c407c2cedff20999df2af8eb42d56 -> 
  custom:scripting/monoscript/fileName/OpenDoor.cs: 88c7de748cf846e1c0eda91343457f1b -> eaf05b471fb519438863aaa7286ac1c5
========================================================================
Received Import Request.
  Time since last request: 1783015.364527 seconds.
  path: Assets/Image/Lightexam/LightHint2.png
  artifactKey: Guid(6399464e4ef61544d932bdb129f60188) Importer(815301076,1909f56bfc062723c751e8b465ee728b)
Start importing Assets/Image/Lightexam/LightHint2.png using Guid(6399464e4ef61544d932bdb129f60188) Importer(815301076,1909f56bfc062723c751e8b465ee728b)  -> (artifact id: '2134e0f696fbe3294f28585f8adad35b') in 0.128656 seconds
Number of updated asset objects reloaded before import = 0
Number of asset objects unloaded after import = 3
========================================================================
Received Import Request.
  Time since last request: 0.069363 seconds.
  path: Assets/Image/HiddenNoteExam/NoteExamHint.png
  artifactKey: Guid(f5bce3053302b7d4ca0c9e4a68d59f8d) Importer(815301076,1909f56bfc062723c751e8b465ee728b)
Start importing Assets/Image/HiddenNoteExam/NoteExamHint.png using Guid(f5bce3053302b7d4ca0c9e4a68d59f8d) Importer(815301076,1909f56bfc062723c751e8b465ee728b)  -> (artifact id: 'd096344e5c77e4c6a11601c09e534a10') in 0.067584 seconds
Number of updated asset objects reloaded before import = 0
Number of asset objects unloaded after import = 3
========================================================================
Received Import Request.
  Time since last request: 0.005100 seconds.
  path: Assets/Image/Number/num3.png
  artifactKey: Guid(c4b491ffec8c607459a5cec2f969235f) Importer(815301076,1909f56bfc062723c751e8b465ee728b)
Start importing Assets/Image/Number/num3.png using Guid(c4b491ffec8c607459a5cec2f969235f) Importer(815301076,1909f56bfc062723c751e8b465ee728b)  -> (artifact id: 'ddc6737619fb3ff5d25a3fc11746c758') in 0.049103 seconds
Number of updated asset objects reloaded before import = 0
Number of asset objects unloaded after import = 3
========================================================================
Received Import Request.
  Time since last request: 0.116029 seconds.
  path: Assets/Image/Number/num6.png
  artifactKey: Guid(0da1255a9b8e14d40b113b0aab993d35) Importer(815301076,1909f56bfc062723c751e8b465ee728b)
Start importing Assets/Image/Number/num6.png using Guid(0da1255a9b8e14d40b113b0aab993d35) Importer(815301076,1909f56bfc062723c751e8b465ee728b)  -> (artifact id: 'fda09d3659cd1ffca4731e3d0751f389') in 0.038689 seconds
Number of updated asset objects reloaded before import = 0
Number of asset objects unloaded after import = 3
========================================================================
Received Import Request.
  Time since last request: 0.000017 seconds.
  path: Assets/Image/Number/num8.png
  artifactKey: Guid(890f56d47f7b7d448a44b429f4a8a8a8) Importer(815301076,1909f56bfc062723c751e8b465ee728b)
Start importing Assets/Image/Number/num8.png using Guid(890f56d47f7b7d448a44b429f4a8a8a8) Importer(815301076,1909f56bfc062723c751e8b465ee728b)  -> (artifact id: 'df645009d8c778326f891ee6a2747666') in 0.048834 seconds
Number of updated asset objects reloaded before import = 0
Number of asset objects unloaded after import = 3
========================================================================
Received Import Request.
  Time since last request: 0.000023 seconds.
  path: Assets/ThirdRoom etc/Pictures/puzzlepic.jpg
  artifactKey: Guid(c0b8ef57c2881224f846383fa08d9fc8) Importer(815301076,1909f56bfc062723c751e8b465ee728b)
Start importing Assets/ThirdRoom etc/Pictures/puzzlepic.jpg using Guid(c0b8ef57c2881224f846383fa08d9fc8) Importer(815301076,1909f56bfc062723c751e8b465ee728b)  -> (artifact id: 'eabe978eb3545834c463910ea151e3a0') in 0.039734 seconds
Number of updated asset objects reloaded before import = 0
Number of asset objects unloaded after import = 3
========================================================================
Received Import Request.
  Time since last request: 0.138131 seconds.
  path: Assets/Image/UpDownExam/udc.png
  artifactKey: Guid(e7747fc7dde0d804cbf93f9706b043e0) Importer(815301076,1909f56bfc062723c751e8b465ee728b)
Start importing Assets/Image/UpDownExam/udc.png using Guid(e7747fc7dde0d804cbf93f9706b043e0) Importer(815301076,1909f56bfc062723c751e8b465ee728b)  -> (artifact id: '50c2259487937aa19a798ba48ab7252e') in 0.070570 seconds
Number of updated asset objects reloaded before import = 0
Number of asset objects unloaded after import = 3
========================================================================
Received Import Request.
  Time since last request: 0.000031 seconds.
  path: Assets/Image/UpDownExam/udr.png
  artifactKey: Guid(87e287f7c7a61f64a81d457a43f2f46f) Importer(815301076,1909f56bfc062723c751e8b465ee728b)
Start importing Assets/Image/UpDownExam/udr.png using Guid(87e287f7c7a61f64a81d457a43f2f46f) Importer(815301076,1909f56bfc062723c751e8b465ee728b)  -> (artifact id: '31b7dc5caa72465c1ecd56c6b299a6fc') in 0.071383 seconds
Number of updated asset objects reloaded before import = 0
Number of asset objects unloaded after import = 3
========================================================================
Received Import Request.
  Time since last request: 0.000039 seconds.
  path: Assets/Image/UpDownExam/updown2.png
  artifactKey: Guid(cba63e63ea21a5c49950f258b87daf79) Importer(815301076,1909f56bfc062723c751e8b465ee728b)
Start importing Assets/Image/UpDownExam/updown2.png using Guid(cba63e63ea21a5c49950f258b87daf79) Importer(815301076,1909f56bfc062723c751e8b465ee728b)  -> (artifact id: '0c97873e64eb353680c52c9b117c61a3') in 0.061011 seconds
Number of updated asset objects reloaded before import = 0
Number of asset objects unloaded after import = 3
========================================================================
Received Import Request.
  Time since last request: 0.078518 seconds.
  path: Assets/Image/UpDownExam/updown4.png
  artifactKey: Guid(2407d5e16b68e634ab821ba2ce739fbc) Importer(815301076,1909f56bfc062723c751e8b465ee728b)
Start importing Assets/Image/UpDownExam/updown4.png using Guid(2407d5e16b68e634ab821ba2ce739fbc) Importer(815301076,1909f56bfc062723c751e8b465ee728b)  -> (artifact id: '3dff1a9a8d8c6419a11da32508c383a9') in 0.048383 seconds
Number of updated asset objects reloaded before import = 0
Number of asset objects unloaded after import = 3
Editor requested this worker to shutdown with reason: Scaling down because of idle timeout
TcpMessagingSession - receive error: operation aborted. errorcode: 995, details: 스레드 종료 또는 응용 프로그램 요청 때문에 I/O 작업이 취소되었습니다.
AssetImportWorker is now disconnected from the server
Process exiting
Exiting without the bug reporter. Application will terminate with return code 0