Base path: 'C:/Program Files/Unity/Hub/Editor/2022.3.20f1/Editor/Data', plugins path 'C:/Program Files/Unity/Hub/Editor/2022.3.20f1/Editor/Data/PlaybackEngines'
Cmd: initializeCompiler

Cmd: compileSnippet
  insize=18487 file=Assets/Smartphone/VertexStudio/FurnitureColorMask pass=DEFERRED ppOnly=0 stripLineD=0 buildPlatform=19 rsLen=0 pKW=UNITY_ENABLE_REFLECTION_BUFFERS UNITY_USE_DITHER_MASK_FOR_ALPHABLENDED_SHADOWS UNITY_PBS_USE_BRDF1 UNITY_SPECCUBE_BOX_PROJECTION UNITY_SPECCUBE_BLENDING UNITY_ENABLE_DETAIL_NORMALMAP SHADER_API_DESKTOP UNITY_COLORSPACE_GAMMA UNITY_LIGHT_PROBE_PROXY_VOLUME UNITY_LIGHTMAP_FULL_HDR UNITY_PASS_DEFERRED uKW= dKW=INSTANCING_ON LIGHTPROBE_SH DYNAMICLIGHTMAP_ON SHADOWS_SHADOWMASK LIGHTMAP_ON DIRLIGHTMAP_COMBINED UNITY_HDR_ON UNITY_NO_DXT5nm UNITY_FRAMEBUFFER_FETCH_AVAILABLE UNITY_METAL_SHADOWS_USE_POINT_FILTERING UNITY_NO_SCREENSPACE_SHADOWS UNITY_PBS_USE_BRDF2 UNITY_PBS_USE_BRDF3 UNITY_NO_FULL_STANDARD_SHADER UNITY_HARDWARE_TIER1 UNITY_HARDWARE_TIER2 UNITY_HARDWARE_TIER3 UNITY_HALF_PRECISION_FRAGMENT_SHADER_REGISTERS UNITY_LIGHTMAP_DLDR_ENCODING UNITY_LIGHTMAP_RGBM_ENCODING UNITY_VIRTUAL_TEXTURING UNITY_PRETRANSFORM_TO_DISPLAY_ORIENTATION UNITY_ASTC_NORMALMAP_ENCODING SHADER_API_GLES30 UNITY_UNIFIED_SHADER_PRECISION_MODEL flags=0 lang=0 type=Vertex platform=d3d11 reqs=227 mask=6 start=196 ok=1 outsize=1854

Cmd: compileSnippet
  insize=16747 file=Assets/Naganeupseong/Shaders/Unreal/PBR_Roof pass=Universal Forward ppOnly=0 stripLineD=0 buildPlatform=19 rsLen=0 pKW=UNITY_ENABLE_REFLECTION_BUFFERS UNITY_USE_DITHER_MASK_FOR_ALPHABLENDED_SHADOWS UNITY_PBS_USE_BRDF1 UNITY_SPECCUBE_BOX_PROJECTION UNITY_SPECCUBE_BLENDING UNITY_ENABLE_DETAIL_NORMALMAP SHADER_API_DESKTOP UNITY_COLORSPACE_GAMMA UNITY_LIGHT_PROBE_PROXY_VOLUME UNITY_LIGHTMAP_FULL_HDR uKW=_MAIN_LIGHT_SHADOWS_CASCADE _ADDITIONAL_LIGHTS _ADDITIONAL_LIGHT_SHADOWS _SHADOWS_SOFT SHADOWS_SHADOWMASK dKW=DOTS_INSTANCING_ON _SCREEN_SPACE_OCCLUSION LIGHTMAP_ON DIRLIGHTMAP_COMBINED _MAIN_LIGHT_SHADOWS _MAIN_LIGHT_SHADOWS_SCREEN _ADDITIONAL_LIGHTS_VERTEX _ADDITIONAL_OFF LIGHTMAP_SHADOW_MIXING INSTANCING_ON FOG_LINEAR FOG_EXP FOG_EXP2 UNITY_NO_DXT5nm UNITY_FRAMEBUFFER_FETCH_AVAILABLE UNITY_METAL_SHADOWS_USE_POINT_FILTERING UNITY_NO_SCREENSPACE_SHADOWS UNITY_PBS_USE_BRDF2 UNITY_PBS_USE_BRDF3 UNITY_NO_FULL_STANDARD_SHADER UNITY_HARDWARE_TIER1 UNITY_HARDWARE_TIER2 UNITY_HARDWARE_TIER3 UNITY_HALF_PRECISION_FRAGMENT_SHADER_REGISTERS UNITY_LIGHTMAP_DLDR_ENCODING UNITY_LIGHTMAP_RGBM_ENCODING UNITY_VIRTUAL_TEXTURING UNITY_PRETRANSFORM_TO_DISPLAY_ORIENTATION UNITY_ASTC_NORMALMAP_ENCODING SHADER_API_GLES30 UNITY_UNIFIED_SHADER_PRECISION_MODEL flags=0 lang=3 type=Vertex platform=d3d11 reqs=1101803 mask=6 start=47  error: 1 plat 26 at Assets/Naganeupseong/Shaders/PBR_Roof.hlsl(64): 'PI': macro redefinition. Previous definition found at C:/Users/JiHwan/Documents/GitHub/HS_illsukohjo/project_ilsukojo/Library/PackageCache/com.unity.render-pipelines.core@14.0.10/ShaderLibrary/Macros.hlsl:23.
  error: 1 plat 4 at Assets/Naganeupseong/Shaders/PBR_Roof.hlsl(249): implicit truncation of vector type
  error: 1 plat 4 at Assets/Naganeupseong/Shaders/PBR_Roof.hlsl(251): implicit truncation of vector type
  error: 1 plat 4 at Assets/Naganeupseong/Shaders/PBR_Roof.hlsl(253): implicit truncation of vector type
  error: 1 plat 4 at Assets/Naganeupseong/Shaders/PBR_Roof.hlsl(258): implicit truncation of vector type
  error: 1 plat 4 at Assets/Naganeupseong/Shaders/PBR_Roof.hlsl(328): 'mul': implicit truncation of vector type
  error: 1 plat 4 at Assets/Naganeupseong/Shaders/UnrealCommon.cginc(3): 'exclude_renderers' : unknown pragma ignored
  error: 1 plat 4 at Assets/Naganeupseong/Shaders/UnrealCommon.cginc(498): implicit truncation of vector type
  error: 1 plat 4 at Assets/Naganeupseong/Shaders/UnrealCommon.cginc(502): implicit truncation of vector type
  error: 1 plat 4 at Assets/Naganeupseong/Shaders/UnrealCommon.cginc(1347): implicit truncation of vector type
  error: 1 plat 4 at Assets/Naganeupseong/Shaders/UnrealCommon.cginc(1818): 'Pow2': implicit truncation of vector type
  error: 1 plat 4 at Assets/Naganeupseong/Shaders/UnrealCommon.cginc(2336): implicit truncation of vector type
  error: 1 plat 4 at Assets/Naganeupseong/Shaders/UnrealCommon.cginc(2341): implicit truncation of vector type
 ok=1 outsize=1890

Cmd: compileSnippet
  insize=16747 file=Assets/Naganeupseong/Shaders/Unreal/PBR_Roof pass=Universal Forward ppOnly=0 stripLineD=0 buildPlatform=19 rsLen=0 pKW=UNITY_ENABLE_REFLECTION_BUFFERS UNITY_USE_DITHER_MASK_FOR_ALPHABLENDED_SHADOWS UNITY_PBS_USE_BRDF1 UNITY_SPECCUBE_BOX_PROJECTION UNITY_SPECCUBE_BLENDING UNITY_ENABLE_DETAIL_NORMALMAP SHADER_API_DESKTOP UNITY_COLORSPACE_GAMMA UNITY_LIGHT_PROBE_PROXY_VOLUME UNITY_LIGHTMAP_FULL_HDR uKW=_MAIN_LIGHT_SHADOWS _ADDITIONAL_LIGHTS _ADDITIONAL_LIGHT_SHADOWS SHADOWS_SHADOWMASK dKW=DOTS_INSTANCING_ON _SCREEN_SPACE_OCCLUSION LIGHTMAP_ON DIRLIGHTMAP_COMBINED _MAIN_LIGHT_SHADOWS_CASCADE _MAIN_LIGHT_SHADOWS_SCREEN _ADDITIONAL_LIGHTS_VERTEX _ADDITIONAL_OFF _SHADOWS_SOFT LIGHTMAP_SHADOW_MIXING INSTANCING_ON FOG_LINEAR FOG_EXP FOG_EXP2 UNITY_NO_DXT5nm UNITY_FRAMEBUFFER_FETCH_AVAILABLE UNITY_METAL_SHADOWS_USE_POINT_FILTERING UNITY_NO_SCREENSPACE_SHADOWS UNITY_PBS_USE_BRDF2 UNITY_PBS_USE_BRDF3 UNITY_NO_FULL_STANDARD_SHADER UNITY_HARDWARE_TIER1 UNITY_HARDWARE_TIER2 UNITY_HARDWARE_TIER3 UNITY_HALF_PRECISION_FRAGMENT_SHADER_REGISTERS UNITY_LIGHTMAP_DLDR_ENCODING UNITY_LIGHTMAP_RGBM_ENCODING UNITY_VIRTUAL_TEXTURING UNITY_PRETRANSFORM_TO_DISPLAY_ORIENTATION UNITY_ASTC_NORMALMAP_ENCODING SHADER_API_GLES30 UNITY_UNIFIED_SHADER_PRECISION_MODEL flags=0 lang=3 type=Vertex platform=d3d11 reqs=1101803 mask=6 start=47  error: 1 plat 26 at Assets/Naganeupseong/Shaders/PBR_Roof.hlsl(64): 'PI': macro redefinition. Previous definition found at C:/Users/JiHwan/Documents/GitHub/HS_illsukohjo/project_ilsukojo/Library/PackageCache/com.unity.render-pipelines.core@14.0.10/ShaderLibrary/Macros.hlsl:23.
  error: 1 plat 4 at Assets/Naganeupseong/Shaders/PBR_Roof.hlsl(249): implicit truncation of vector type
  error: 1 plat 4 at Assets/Naganeupseong/Shaders/PBR_Roof.hlsl(251): implicit truncation of vector type
  error: 1 plat 4 at Assets/Naganeupseong/Shaders/PBR_Roof.hlsl(253): implicit truncation of vector type
  error: 1 plat 4 at Assets/Naganeupseong/Shaders/PBR_Roof.hlsl(258): implicit truncation of vector type
  error: 1 plat 4 at Assets/Naganeupseong/Shaders/PBR_Roof.hlsl(328): 'mul': implicit truncation of vector type
  error: 1 plat 4 at Assets/Naganeupseong/Shaders/UnrealCommon.cginc(3): 'exclude_renderers' : unknown pragma ignored
  error: 1 plat 4 at Assets/Naganeupseong/Shaders/UnrealCommon.cginc(498): implicit truncation of vector type
  error: 1 plat 4 at Assets/Naganeupseong/Shaders/UnrealCommon.cginc(502): implicit truncation of vector type
  error: 1 plat 4 at Assets/Naganeupseong/Shaders/UnrealCommon.cginc(1347): implicit truncation of vector type
  error: 1 plat 4 at Assets/Naganeupseong/Shaders/UnrealCommon.cginc(1818): 'Pow2': implicit truncation of vector type
  error: 1 plat 4 at Assets/Naganeupseong/Shaders/UnrealCommon.cginc(2336): implicit truncation of vector type
  error: 1 plat 4 at Assets/Naganeupseong/Shaders/UnrealCommon.cginc(2341): implicit truncation of vector type
 ok=1 outsize=1890

